----> connection to db tracenoizer established 
----> insert into input (in_main_id,in_keyword) values (16489,martin krung) 
status setzt zu 0 
----> suche mit "martin krung"
url=http://krungkuene.org/.
url=http://lists.debian.org/debian-powerpc/2003/01/msg00241.html.
url=http://lists.debian.org/debian-powerpc/2003/01/msg00252.html.
url=http://lists.debian.org/debian-powerpc/2003/01/msg00286.html.
url=http://lists.debian.org/debian-powerpc/2003/01/msg00266.html.
url=http://lists.gnu.org/archive/html/help-gift/2001-02/msg00000.html.
url=http://lists.gnu.org/archive/html/help-gift/2001-02/msg00009.html.
url=http://lists.gnu.org/archive/html/help-gift/2001-02/msg00008.html.
url=http://lists.gnu.org/archive/html/help-gift/2001-02/msg00003.html.
url=http://lists.gnu.org/archive/html/help-gift/2001-02/msg00007.html.
url=http://lists.gnu.org/archive/html/help-gift/2001-02/.
url=http://lists.gnu.org/archive/html/help-gift/2001-02/msg00001.html.
url=http://lists.gnu.org/archive/html/help-gift/2001-02/threads.html.
url=http://lists.gnu.org/archive/html/help-gift/2001-02/msg00006.html.
url=http://lists.debian.org/debian-powerpc/2003/01/msg00246.html.
url=http://lists.debian.org/debian-powerpc/2003/01/msg00253.html.
url=http://lists.debian.org/debian-knoppix/2004/03/msg00089.html.
url=http://lists.debian.org/debian-powerpc/2003/01/msg00279.html.
url=http://lists.debian.org/debian-powerpc/2003/debian-powerpc-200301/threads.html.
url=http://krungkuene.org/krung/.
url=http://lists.debian.org/debian-powerpc/2003/01/msg00275.html.
url=http://lists.debian.org/debian-knoppix/2004/03/msg00078.html.
url=http://lists.debian.org/debian-powerpc/2003/01/msg00243.html.
url=http://lists.debian.org/debian-powerpc/2003/01/msg00263.html.
url=http://lists.debian.org/debian-knoppix/2004/03/msg00079.html.
url=http://lists.debian.org/debian-knoppix/2004/03/msg00086.html.
url=http://lists.gnu.org/archive/html/help-gift/2001-02/msg00004.html.
url=http://lists.gnu.org/archive/html/help-gift/2001-02/msg00002.html.
url=http://lists.gnu.org/archive/html/help-gift/2001-02/msg00005.html.
url=http://www.nettime.org/Lists-Archives/rohrpost-0004/msg00018.html.
url=http://lists.debian.org/debian-powerpc/2003/01/msg00277.html.
url=http://lists.debian.org/debian-powerpc/2003/01/maillist.html.
url=http://lists.debian.org/debian-knoppix/2004/debian-knoppix-200403/threads.html.
url=http://lists.debian.org/debian-knoppix/2004/03/maillist.html.
url=http://lists.debian.org/debian-powerpc/2003/01/msg00249.html.
url=http://lists.debian.org/debian-powerpc/2003/01/subject.html.
url=http://www.krungkuene.org/.
url=http://krungkuene.org/krung/tech/wiki4/DVD.
url=http://cramer.plaintext.cc:70/personal_archives/rohrpost-archive%7C/MAILDIR-MESSAGE/185.
url=http://groups.google.co.uk/group/alt.internet.search-engines/index/browse_frm/month/2002-09?_done=%2Fgroup%2Falt.internet.search-engines%2Fbrowse_frm%2Fmonth%2F2002-09%3F&.
url=http://www.nettime.org/Lists-Archives/rohrpost-0004/msg00027.html.
url=http://www.nettime.org/Lists-Archives/rohrpost-0403/msg00075.html.
url=http://www.nettime.org/Lists-Archives/rohrpost-0004/msg00022.html.
url=http://www.nettime.org/Lists-Archives/rohrpost-0403/msg00077.html.
url=http://www.nettime.org/Lists-Archives/rohrpost-0403/msg00066.html.
url=http://www.nettime.org/Lists-Archives/rohrpost-0403/msg00015.html.
url=http://www.nettime.org/Lists-Archives/rohrpost-0403/msg00043.html.
url=http://www.nettime.org/Lists-Archives/rohrpost-0403/msg00057.html.
url=http://krungkuene.org/krung/index_de.html?PHPSESSID=b70800d466be78ba21709095c64537d0.
url=http://www.luxus4all.org/transhub/TelefonInterview.
url=http://mailman.linuxtag.org/pipermail/debian-knoppix/2004-March/004879.html.
url=http://mailman.linuxtag.org/pipermail/debian-knoppix/2004-March/004868.html.
url=http://www.nettime.org/Lists-Archives/rohrpost-0006/msg00082.html.
url=http://www.nettime.org/Lists-Archives/rohrpost-0006/msg00159.html.
url=http://www.nettime.org/Lists-Archives/rohrpost-0006/msg00103.html.
url=http://www.nettime.org/Lists-Archives/rohrpost-0006/msg00036.html.
url=http://bagasch.monochrom.at/archiv/Mar2004/date.html.
url=http://bagasch.monochrom.at/archiv/Mar2004/0190.html.
url=http://music.columbia.edu/pipermail/dorkbotswiss-blabber/2005-March/000007.html.
url=http://www.duke.edu/~arg2/solidarity_list.html.
url=http://www.nettime.org/Lists-Archives/rohrpost-0403/msg00062.html.
url=http://www.nettime.org/Lists-Archives/rohrpost-0403/msg00012.html.
url=http://www.nettime.org/Lists-Archives/rohrpost-0006/msg00084.html.
url=http://www.nettime.org/Lists-Archives/rohrpost-0006/msg00156.html.
url=http://www.nettime.org/Lists-Archives/rohrpost-0004/msg00021.html.
url=http://www.krungkuene.org/krung/tech/03/suck_numbered/.
url=http://music.columbia.edu/pipermail/dorkbotswiss-blabber/2005-June.txt.
url=http://music.columbia.edu/pipermail/dorkbotswiss-blabber/2005-March/000004.html.
url=http://music.columbia.edu/pipermail/dorkbotswiss-blabber/2005-March/000006.html.
url=http://lists.debian.org/debian-user-german/2003/01/msg00604.html.
url=http://music.columbia.edu/pipermail/dorkbotswiss-blabber/2005-March/000009.html.
url=http://kuene.org/.
url=http://krungkuene.org/krung/.
url=http://lists.debian.org/debian-user-german/2003/01/thrd6.html.
url=http://lists.debian.org/debian-user-german/2003/01/mail2.html.
url=http://lists.debian.org/debian-user-german/2003/01/msg00637.html.
url=http://lists.debian.org/debian-user-german/2003/01/mail6.html.
url=http://lists.debian.org/debian-user-german/2003/01/msg00724.html.
url=http://cramer.plaintext.cc:70/personal_archives/rohrpost-archive%7C/MAILDIR-MESSAGE/380.
url=http://www.tracenoizer.org/html/aboutus.html.
----> this is the actual searchterm : 

----> in this part 80 urls found 
---->  new searchterm: krung martin 
----> suche mit "krung martin"
url=http://krungkuene.org/.
url=http://lists.debian.org/debian-powerpc/2003/01/msg00241.html.
url=http://lists.debian.org/debian-powerpc/2003/01/msg00252.html.
url=http://lists.debian.org/debian-powerpc/2003/01/msg00286.html.
url=http://lists.debian.org/debian-powerpc/2003/01/msg00266.html.
url=http://lists.gnu.org/archive/html/help-gift/2001-02/msg00000.html.
url=http://lists.gnu.org/archive/html/help-gift/2001-02/msg00009.html.
url=http://lists.gnu.org/archive/html/help-gift/2001-02/msg00008.html.
url=http://lists.gnu.org/archive/html/help-gift/2001-02/msg00003.html.
url=http://lists.gnu.org/archive/html/help-gift/2001-02/msg00007.html.
url=http://lists.gnu.org/archive/html/help-gift/2001-02/.
url=http://lists.gnu.org/archive/html/help-gift/2001-02/msg00001.html.
url=http://lists.gnu.org/archive/html/help-gift/2001-02/threads.html.
url=http://lists.gnu.org/archive/html/help-gift/2001-02/msg00006.html.
url=http://lists.debian.org/debian-powerpc/2003/01/msg00246.html.
url=http://lists.debian.org/debian-powerpc/2003/01/msg00253.html.
url=http://lists.debian.org/debian-knoppix/2004/03/msg00089.html.
url=http://lists.debian.org/debian-powerpc/2003/01/msg00279.html.
url=http://lists.debian.org/debian-powerpc/2003/debian-powerpc-200301/threads.html.
url=http://krungkuene.org/krung/.
url=http://lists.debian.org/debian-powerpc/2003/01/msg00275.html.
url=http://lists.debian.org/debian-knoppix/2004/03/msg00078.html.
url=http://lists.debian.org/debian-powerpc/2003/01/msg00243.html.
url=http://lists.debian.org/debian-powerpc/2003/01/msg00263.html.
url=http://lists.debian.org/debian-knoppix/2004/03/msg00079.html.
url=http://lists.debian.org/debian-knoppix/2004/03/msg00086.html.
url=http://lists.gnu.org/archive/html/help-gift/2001-02/msg00004.html.
url=http://lists.gnu.org/archive/html/help-gift/2001-02/msg00002.html.
url=http://lists.gnu.org/archive/html/help-gift/2001-02/msg00005.html.
url=http://www.nettime.org/Lists-Archives/rohrpost-0004/msg00018.html.
url=http://lists.debian.org/debian-powerpc/2003/01/msg00277.html.
url=http://lists.debian.org/debian-powerpc/2003/01/maillist.html.
url=http://lists.debian.org/debian-knoppix/2004/debian-knoppix-200403/threads.html.
url=http://lists.debian.org/debian-knoppix/2004/03/maillist.html.
url=http://lists.debian.org/debian-powerpc/2003/01/msg00249.html.
url=http://lists.debian.org/debian-powerpc/2003/01/subject.html.
url=http://www.krungkuene.org/.
url=http://krungkuene.org/krung/tech/wiki4/DVD.
url=http://cramer.plaintext.cc:70/personal_archives/rohrpost-archive%7C/MAILDIR-MESSAGE/185.
url=http://groups.google.co.uk/group/alt.internet.search-engines/index/browse_frm/month/2002-09?_done=%2Fgroup%2Falt.internet.search-engines%2Fbrowse_frm%2Fmonth%2F2002-09%3F&.
url=http://www.nettime.org/Lists-Archives/rohrpost-0004/msg00027.html.
url=http://www.nettime.org/Lists-Archives/rohrpost-0403/msg00075.html.
url=http://www.nettime.org/Lists-Archives/rohrpost-0004/msg00022.html.
url=http://www.nettime.org/Lists-Archives/rohrpost-0403/msg00077.html.
url=http://www.nettime.org/Lists-Archives/rohrpost-0403/msg00066.html.
url=http://www.nettime.org/Lists-Archives/rohrpost-0403/msg00015.html.
url=http://www.nettime.org/Lists-Archives/rohrpost-0403/msg00043.html.
url=http://www.nettime.org/Lists-Archives/rohrpost-0403/msg00057.html.
url=http://krungkuene.org/krung/index_de.html?PHPSESSID=b70800d466be78ba21709095c64537d0.
url=http://www.luxus4all.org/transhub/TelefonInterview.
url=http://mailman.linuxtag.org/pipermail/debian-knoppix/2004-March/004879.html.
url=http://mailman.linuxtag.org/pipermail/debian-knoppix/2004-March/004868.html.
url=http://www.nettime.org/Lists-Archives/rohrpost-0006/msg00082.html.
url=http://www.nettime.org/Lists-Archives/rohrpost-0006/msg00159.html.
url=http://www.nettime.org/Lists-Archives/rohrpost-0006/msg00103.html.
url=http://www.nettime.org/Lists-Archives/rohrpost-0006/msg00036.html.
url=http://bagasch.monochrom.at/archiv/Mar2004/date.html.
url=http://bagasch.monochrom.at/archiv/Mar2004/0190.html.
url=http://music.columbia.edu/pipermail/dorkbotswiss-blabber/2005-March/000007.html.
url=http://www.duke.edu/~arg2/solidarity_list.html.
url=http://www.nettime.org/Lists-Archives/rohrpost-0403/msg00062.html.
url=http://www.nettime.org/Lists-Archives/rohrpost-0403/msg00012.html.
url=http://www.nettime.org/Lists-Archives/rohrpost-0006/msg00084.html.
url=http://www.nettime.org/Lists-Archives/rohrpost-0006/msg00156.html.
url=http://www.nettime.org/Lists-Archives/rohrpost-0004/msg00021.html.
url=http://www.krungkuene.org/krung/tech/03/suck_numbered/.
url=http://music.columbia.edu/pipermail/dorkbotswiss-blabber/2005-June.txt.
url=http://music.columbia.edu/pipermail/dorkbotswiss-blabber/2005-March/000004.html.
url=http://music.columbia.edu/pipermail/dorkbotswiss-blabber/2005-March/000006.html.
url=http://lists.debian.org/debian-user-german/2003/01/msg00604.html.
url=http://music.columbia.edu/pipermail/dorkbotswiss-blabber/2005-March/000009.html.
url=http://kuene.org/.
url=http://krungkuene.org/krung/.
url=http://lists.debian.org/debian-user-german/2003/01/thrd6.html.
url=http://lists.debian.org/debian-user-german/2003/01/mail2.html.
url=http://lists.debian.org/debian-user-german/2003/01/msg00637.html.
url=http://lists.debian.org/debian-user-german/2003/01/mail6.html.
url=http://lists.debian.org/debian-user-german/2003/01/msg00724.html.
url=http://cramer.plaintext.cc:70/personal_archives/rohrpost-archive%7C/MAILDIR-MESSAGE/380.
url=http://www.tracenoizer.org/html/aboutus.html.
url=http://krungkuene.org/krung/tech/02/pwhack/linecount.pl.txt.
url=http://krungkuene.org/krung/tech/02/pwhack/text2list.pl.txt.
url=http://krungkuene.org/krung/index_de.php.
url=http://www.binbin.ch/einlesen.php.
----> this is the actual searchterm : 

----> in this part 84 urls found 
---->  84 urls found and put into downloadlist 
status setzt zu 1 
16489/n----> download the url : http://krungkuene.org/
----> download the url : http://lists.debian.org/debian-powerpc/2003/01/msg00241.html
----> download the url : http://lists.debian.org/debian-powerpc/2003/01/msg00252.html
----> download the url : http://lists.debian.org/debian-powerpc/2003/01/msg00286.html
----> download the url : http://lists.debian.org/debian-powerpc/2003/01/msg00266.html
----> download the url : http://lists.gnu.org/archive/html/help-gift/2001-02/msg00000.html
----> download the url : http://lists.gnu.org/archive/html/help-gift/2001-02/msg00009.html
----> download the url : http://lists.gnu.org/archive/html/help-gift/2001-02/msg00008.html
----> download the url : http://lists.gnu.org/archive/html/help-gift/2001-02/msg00003.html
----> download the url : http://lists.gnu.org/archive/html/help-gift/2001-02/msg00007.html
----> download the url : http://lists.gnu.org/archive/html/help-gift/2001-02/
----> download the url : http://lists.gnu.org/archive/html/help-gift/2001-02/msg00001.html
----> download the url : http://lists.gnu.org/archive/html/help-gift/2001-02/threads.html
----> download the url : http://lists.gnu.org/archive/html/help-gift/2001-02/msg00006.html
----> download the url : http://lists.debian.org/debian-powerpc/2003/01/msg00246.html
----> download the url : http://lists.debian.org/debian-powerpc/2003/01/msg00253.html
----> download the url : http://lists.debian.org/debian-knoppix/2004/03/msg00089.html
----> download the url : http://lists.debian.org/debian-powerpc/2003/01/msg00279.html
----> download the url : http://lists.debian.org/debian-powerpc/2003/debian-powerpc-200301/threads.html
----> download the url : http://krungkuene.org/krung/
----> download the url : http://lists.debian.org/debian-powerpc/2003/01/msg00275.html
----> download the url : http://lists.debian.org/debian-knoppix/2004/03/msg00078.html
----> download the url : http://lists.debian.org/debian-powerpc/2003/01/msg00243.html
----> download the url : http://lists.debian.org/debian-powerpc/2003/01/msg00263.html
----> download the url : http://lists.debian.org/debian-knoppix/2004/03/msg00079.html
----> download the url : http://lists.debian.org/debian-knoppix/2004/03/msg00086.html
----> download the url : http://lists.gnu.org/archive/html/help-gift/2001-02/msg00004.html
----> download the url : http://lists.gnu.org/archive/html/help-gift/2001-02/msg00002.html
----> download the url : http://lists.gnu.org/archive/html/help-gift/2001-02/msg00005.html
----> download the url : http://www.nettime.org/Lists-Archives/rohrpost-0004/msg00018.html
----> download the url : http://lists.debian.org/debian-powerpc/2003/01/msg00277.html
----> download the url : http://lists.debian.org/debian-powerpc/2003/01/maillist.html
----> download the url : http://lists.debian.org/debian-knoppix/2004/debian-knoppix-200403/threads.html
----> download the url : http://lists.debian.org/debian-knoppix/2004/03/maillist.html
----> download the url : http://lists.debian.org/debian-powerpc/2003/01/msg00249.html
----> download the url : http://lists.debian.org/debian-powerpc/2003/01/subject.html
----> download the url : http://www.krungkuene.org/
----> download the url : http://krungkuene.org/krung/tech/wiki4/DVD
----> download the url : http://cramer.plaintext.cc:70/personal_archives/rohrpost-archive%7C/MAILDIR-MESSAGE/185
----> download the url : http://groups.google.co.uk/group/alt.internet.search-engines/index/browse_frm/month/2002-09?_done=%2Fgroup%2Falt.internet.search-engines%2Fbrowse_frm%2Fmonth%2F2002-09%3F&
----> download the url : http://www.nettime.org/Lists-Archives/rohrpost-0004/msg00027.html
----> download the url : http://www.nettime.org/Lists-Archives/rohrpost-0403/msg00075.html
----> download the url : http://www.nettime.org/Lists-Archives/rohrpost-0004/msg00022.html
----> download the url : http://www.nettime.org/Lists-Archives/rohrpost-0403/msg00077.html
----> download the url : http://www.nettime.org/Lists-Archives/rohrpost-0403/msg00066.html
----> download the url : http://www.nettime.org/Lists-Archives/rohrpost-0403/msg00015.html
----> download the url : http://www.nettime.org/Lists-Archives/rohrpost-0403/msg00043.html
----> download the url : http://www.nettime.org/Lists-Archives/rohrpost-0403/msg00057.html
----> download the url : http://krungkuene.org/krung/index_de.html?PHPSESSID=b70800d466be78ba21709095c64537d0
----> download the url : http://www.luxus4all.org/transhub/TelefonInterview
----> download the url : http://mailman.linuxtag.org/pipermail/debian-knoppix/2004-March/004879.html
----> download the url : http://mailman.linuxtag.org/pipermail/debian-knoppix/2004-March/004868.html
----> download the url : http://www.nettime.org/Lists-Archives/rohrpost-0006/msg00082.html
----> download the url : http://www.nettime.org/Lists-Archives/rohrpost-0006/msg00159.html
----> download the url : http://www.nettime.org/Lists-Archives/rohrpost-0006/msg00103.html
----> download the url : http://www.nettime.org/Lists-Archives/rohrpost-0006/msg00036.html
----> download the url : http://bagasch.monochrom.at/archiv/Mar2004/date.html
----> download the url : http://bagasch.monochrom.at/archiv/Mar2004/0190.html
----> download the url : http://music.columbia.edu/pipermail/dorkbotswiss-blabber/2005-March/000007.html
----> download the url : http://www.duke.edu/~arg2/solidarity_list.html
----> download the url : http://www.nettime.org/Lists-Archives/rohrpost-0403/msg00062.html
----> download the url : http://www.nettime.org/Lists-Archives/rohrpost-0403/msg00012.html
----> download the url : http://www.nettime.org/Lists-Archives/rohrpost-0006/msg00084.html
----> download the url : http://www.nettime.org/Lists-Archives/rohrpost-0006/msg00156.html
----> download the url : http://www.nettime.org/Lists-Archives/rohrpost-0004/msg00021.html
----> download the url : http://www.krungkuene.org/krung/tech/03/suck_numbered/
----> download the url : http://music.columbia.edu/pipermail/dorkbotswiss-blabber/2005-June.txt
----> download the url : http://music.columbia.edu/pipermail/dorkbotswiss-blabber/2005-March/000004.html
----> download the url : http://music.columbia.edu/pipermail/dorkbotswiss-blabber/2005-March/000006.html
----> download the url : http://lists.debian.org/debian-user-german/2003/01/msg00604.html
----> download the url : http://music.columbia.edu/pipermail/dorkbotswiss-blabber/2005-March/000009.html
----> download the url : http://kuene.org/
----> download the url : http://krungkuene.org/krung/
----> download the url : http://lists.debian.org/debian-user-german/2003/01/thrd6.html
----> download the url : http://lists.debian.org/debian-user-german/2003/01/mail2.html
----> download the url : http://lists.debian.org/debian-user-german/2003/01/msg00637.html
----> download the url : http://lists.debian.org/debian-user-german/2003/01/mail6.html
----> download the url : http://lists.debian.org/debian-user-german/2003/01/msg00724.html
----> download the url : http://cramer.plaintext.cc:70/personal_archives/rohrpost-archive%7C/MAILDIR-MESSAGE/380
----> download the url : http://www.tracenoizer.org/html/aboutus.html
----> download the url : http://krungkuene.org/krung/tech/02/pwhack/linecount.pl.txt
----> download the url : http://krungkuene.org/krung/tech/02/pwhack/text2list.pl.txt
----> download the url : http://krungkuene.org/krung/index_de.php
----> download the url : http://www.binbin.ch/einlesen.php
status setzt zu 2 
----> 83 pages dowloaded
----> the folder is : 0
----> folder 0 is empty
----> the folder is : 1
----> and the filename is : msg00241.html
----> extract sentences out of this file
----> text into db mit http://lists.debian.org/debian-powerpc/2003/01/msg00241.html 
----> text to folder 
----> db askd 
----> several sentences in file  46000/txt
----> the folder is : 2
----> and the filename is : msg00252.html
----> extract sentences out of this file
----> no sentenc in this file 
----> the folder is : 3
----> and the filename is : msg00286.html
----> extract sentences out of this file
----> no sentenc in this file 
----> the folder is : 4
----> and the filename is : msg00266.html
----> extract sentences out of this file
----> text into db mit http://lists.debian.org/debian-powerpc/2003/01/msg00266.html 
----> text to folder 
----> several sentences in file  46001/txt
----> the folder is : 5
----> and the filename is : msg00000.html
----> extract sentences out of this file
----> text into db mit http://lists.gnu.org/archive/html/help-gift/2001-02/msg00000.html 
----> text to folder 
----> several sentences in file  46002/txt
----> the folder is : 6
----> and the filename is : msg00009.html
----> extract sentences out of this file
----> text into db mit http://lists.gnu.org/archive/html/help-gift/2001-02/msg00009.html 
----> text to folder 
----> several sentences in file  46003/txt
----> the folder is : 7
----> and the filename is : msg00008.html
----> extract sentences out of this file
----> text into db mit http://lists.gnu.org/archive/html/help-gift/2001-02/msg00008.html 
----> text to folder 
----> several sentences in file  46004/txt
----> the folder is : 8
----> and the filename is : msg00003.html
----> extract sentences out of this file
----> text into db mit http://lists.gnu.org/archive/html/help-gift/2001-02/msg00003.html 
----> text to folder 
----> several sentences in file  46005/txt
----> the folder is : 9
----> and the filename is : msg00007.html
----> extract sentences out of this file
----> text into db mit http://lists.gnu.org/archive/html/help-gift/2001-02/msg00007.html 
----> text to folder 
----> several sentences in file  46006/txt
----> the folder is : 10
----> and the filename is : index.html
----> extract sentences out of this file
----> no sentenc in this file 
----> the folder is : 11
----> and the filename is : msg00001.html
----> extract sentences out of this file
----> text into db mit http://lists.gnu.org/archive/html/help-gift/2001-02/msg00001.html 
----> text to folder 
----> several sentences in file  46007/txt
----> the folder is : 12
----> and the filename is : threads.html
----> extract sentences out of this file
----> no sentenc in this file 
----> the folder is : 13
----> and the filename is : msg00006.html
----> extract sentences out of this file
----> text into db mit http://lists.gnu.org/archive/html/help-gift/2001-02/msg00006.html 
----> text to folder 
----> several sentences in file  46008/txt
----> the folder is : 14
----> and the filename is : msg00246.html
----> extract sentences out of this file
----> text into db mit http://lists.debian.org/debian-powerpc/2003/01/msg00246.html 
----> text to folder 
----> several sentences in file  46009/txt
----> the folder is : 15
----> and the filename is : msg00253.html
----> extract sentences out of this file
----> no sentenc in this file 
----> the folder is : 16
----> and the filename is : msg00089.html
----> extract sentences out of this file
----> no sentenc in this file 
----> the folder is : 17
----> and the filename is : msg00279.html
----> extract sentences out of this file
----> text into db mit http://lists.debian.org/debian-powerpc/2003/01/msg00279.html 
----> text to folder 
----> several sentences in file  46010/txt
----> the folder is : 18
----> and the filename is : threads.html
----> extract sentences out of this file
----> text into db mit http://lists.debian.org/debian-powerpc/2003/debian-powerpc-200301/threads.html 
----> text to folder 
----> several sentences in file  46011/txt
----> the folder is : 19
----> folder 19 is empty
----> the folder is : 20
----> and the filename is : msg00275.html
----> extract sentences out of this file
----> no sentenc in this file 
----> the folder is : 21
----> and the filename is : msg00078.html
----> extract sentences out of this file
----> text into db mit http://lists.debian.org/debian-knoppix/2004/03/msg00078.html 
----> text to folder 
----> several sentences in file  46012/txt
----> the folder is : 22
----> and the filename is : msg00243.html
----> extract sentences out of this file
----> text into db mit http://lists.debian.org/debian-powerpc/2003/01/msg00243.html 
----> text to folder 
----> several sentences in file  46013/txt
----> the folder is : 23
----> and the filename is : msg00263.html
----> extract sentences out of this file
----> text into db mit http://lists.debian.org/debian-powerpc/2003/01/msg00263.html 
----> text to folder 
----> several sentences in file  46014/txt
----> the folder is : 24
----> and the filename is : msg00079.html
----> extract sentences out of this file
----> no sentenc in this file 
----> the folder is : 25
----> and the filename is : msg00086.html
----> extract sentences out of this file
----> no sentenc in this file 
----> the folder is : 26
----> and the filename is : msg00004.html
----> extract sentences out of this file
----> text into db mit http://lists.gnu.org/archive/html/help-gift/2001-02/msg00004.html 
----> text to folder 
----> several sentences in file  46015/txt
----> the folder is : 27
----> and the filename is : msg00002.html
----> extract sentences out of this file
----> no sentenc in this file 
----> the folder is : 28
----> and the filename is : msg00005.html
----> extract sentences out of this file
----> no sentenc in this file 
----> the folder is : 29
----> and the filename is : msg00018.html
----> extract sentences out of this file
----> no sentenc in this file 
----> the folder is : 30
----> and the filename is : msg00277.html
----> extract sentences out of this file
----> text into db mit http://lists.debian.org/debian-powerpc/2003/01/msg00277.html 
----> text to folder 
----> several sentences in file  46016/txt
----> the folder is : 31
----> and the filename is : maillist.html
----> extract sentences out of this file
----> text into db mit http://lists.debian.org/debian-powerpc/2003/01/maillist.html 
----> text to folder 
----> several sentences in file  46017/txt
----> the folder is : 32
----> and the filename is : threads.html
----> extract sentences out of this file
----> no sentenc in this file 
----> the folder is : 33
----> and the filename is : maillist.html
----> extract sentences out of this file
----> no sentenc in this file 
----> the folder is : 34
----> and the filename is : msg00249.html
----> extract sentences out of this file
----> text into db mit http://lists.debian.org/debian-powerpc/2003/01/msg00249.html 
----> text to folder 
----> several sentences in file  46018/txt
----> the folder is : 35
----> and the filename is : subject.html
----> extract sentences out of this file
----> text into db mit http://lists.debian.org/debian-powerpc/2003/01/subject.html 
----> text to folder 
----> several sentences in file  46019/txt
----> the folder is : 36
----> folder 36 is empty
----> the folder is : 37
----> and the filename is : DVD.html
----> extract sentences out of this file
----> no sentenc in this file 
----> the folder is : 38
----> folder 38 is empty
----> the folder is : 39
----> folder 39 is empty
----> the folder is : 40
----> and the filename is : msg00027.html
----> extract sentences out of this file
----> no sentenc in this file 
----> the folder is : 41
----> and the filename is : msg00075.html
----> extract sentences out of this file
----> no sentenc in this file 
----> the folder is : 42
----> and the filename is : msg00022.html
----> extract sentences out of this file
----> no sentenc in this file 
----> the folder is : 43
----> and the filename is : msg00077.html
----> extract sentences out of this file
----> no sentenc in this file 
----> the folder is : 44
----> and the filename is : msg00066.html
----> extract sentences out of this file
----> text into db mit http://www.nettime.org/Lists-Archives/rohrpost-0403/msg00066.html 
----> text to folder 
----> several sentences in file  46020/txt
----> the folder is : 45
----> and the filename is : msg00015.html
----> extract sentences out of this file
----> no sentenc in this file 
----> the folder is : 46
----> and the filename is : msg00043.html
----> extract sentences out of this file
----> no sentenc in this file 
----> the folder is : 47
----> and the filename is : msg00057.html
----> extract sentences out of this file
----> text into db mit http://www.nettime.org/Lists-Archives/rohrpost-0403/msg00057.html 
----> text to folder 
----> several sentences in file  46021/txt
----> the folder is : 48
----> and the filename is : index_de.html?PHPSESSID=b70800d466be78ba21709095c64537d0
----> extract sentences out of this file
----> text into db mit http://krungkuene.org/krung/index_de.html?PHPSESSID=b70800d466be78ba21709095c64537d0 
----> text to folder 
----> several sentences in file  46022/txt
---->  start http://krungkuene.org/krung/index_de.html?PHPSESSID=b70800d466be78ba21709095c64537d0 
---->  mitte http://krungkuene.org/krung/index_de.html?PHPSESSID=b70800d466be78ba21709095c64537d0 
---->  dolar 1 http://krungkuene.org/krung/ 
---->  start http://krungkuene.org/krung/index_de.html?PHPSESSID=b70800d466be78ba21709095c64537d0 
---->  mitte http://krungkuene.org/krung/index_de.html?PHPSESSID=b70800d466be78ba21709095c64537d0 
---->  dolar 1 http://krungkuene.org/krung/ 
---->  start http://krungkuene.org/krung/index_de.html?PHPSESSID=b70800d466be78ba21709095c64537d0 
---->  mitte http://krungkuene.org/krung/index_de.html?PHPSESSID=b70800d466be78ba21709095c64537d0 
---->  dolar 1 http://krungkuene.org/krung/ 
---->  start http://krungkuene.org/krung/index_de.html?PHPSESSID=b70800d466be78ba21709095c64537d0 
---->  mitte http://krungkuene.org/krung/index_de.html?PHPSESSID=b70800d466be78ba21709095c64537d0 
---->  dolar 1 http://krungkuene.org/krung/ 
---->  start http://krungkuene.org/krung/index_de.html?PHPSESSID=b70800d466be78ba21709095c64537d0 
---->  mitte http://krungkuene.org/krung/index_de.html?PHPSESSID=b70800d466be78ba21709095c64537d0 
---->  dolar 1 http://krungkuene.org/krung/ 
---->  start http://krungkuene.org/krung/index_de.html?PHPSESSID=b70800d466be78ba21709095c64537d0 
---->  mitte http://krungkuene.org/krung/index_de.html?PHPSESSID=b70800d466be78ba21709095c64537d0 
---->  dolar 1 http://krungkuene.org/krung/ 
---->  start http://krungkuene.org/krung/index_de.html?PHPSESSID=b70800d466be78ba21709095c64537d0 
---->  mitte http://krungkuene.org/krung/index_de.html?PHPSESSID=b70800d466be78ba21709095c64537d0 
---->  dolar 1 http://krungkuene.org/krung/ 
---->  start http://krungkuene.org/krung/index_de.html?PHPSESSID=b70800d466be78ba21709095c64537d0 
---->  mitte http://krungkuene.org/krung/index_de.html?PHPSESSID=b70800d466be78ba21709095c64537d0 
---->  dolar 1 http://krungkuene.org/krung/ 
---->  start http://krungkuene.org/krung/index_de.html?PHPSESSID=b70800d466be78ba21709095c64537d0 
---->  mitte http://krungkuene.org/krung/index_de.html?PHPSESSID=b70800d466be78ba21709095c64537d0 
---->  dolar 1 http://krungkuene.org/krung/ 
---->  start http://krungkuene.org/krung/index_de.html?PHPSESSID=b70800d466be78ba21709095c64537d0 
---->  mitte http://krungkuene.org/krung/index_de.html?PHPSESSID=b70800d466be78ba21709095c64537d0 
---->  dolar 1 http://krungkuene.org/krung/ 
---->  start http://krungkuene.org/krung/index_de.html?PHPSESSID=b70800d466be78ba21709095c64537d0 
---->  mitte http://krungkuene.org/krung/index_de.html?PHPSESSID=b70800d466be78ba21709095c64537d0 
---->  dolar 1 http://krungkuene.org/krung/ 
---->  start http://krungkuene.org/krung/index_de.html?PHPSESSID=b70800d466be78ba21709095c64537d0 
---->  mitte http://krungkuene.org/krung/index_de.html?PHPSESSID=b70800d466be78ba21709095c64537d0 
---->  dolar 1 http://krungkuene.org/krung/ 
---->  start http://krungkuene.org/krung/index_de.html?PHPSESSID=b70800d466be78ba21709095c64537d0 
---->  mitte http://krungkuene.org/krung/index_de.html?PHPSESSID=b70800d466be78ba21709095c64537d0 
---->  dolar 1 http://krungkuene.org/krung/ 
---->  start http://krungkuene.org/krung/index_de.html?PHPSESSID=b70800d466be78ba21709095c64537d0 
---->  mitte http://krungkuene.org/krung/index_de.html?PHPSESSID=b70800d466be78ba21709095c64537d0 
---->  dolar 1 http://krungkuene.org/krung/ 
---->  start http://krungkuene.org/krung/index_de.html?PHPSESSID=b70800d466be78ba21709095c64537d0 
---->  mitte http://krungkuene.org/krung/index_de.html?PHPSESSID=b70800d466be78ba21709095c64537d0 
---->  dolar 1 http://krungkuene.org/krung/ 
---->  start http://krungkuene.org/krung/index_de.html?PHPSESSID=b70800d466be78ba21709095c64537d0 
---->  mitte http://krungkuene.org/krung/index_de.html?PHPSESSID=b70800d466be78ba21709095c64537d0 
---->  dolar 1 http://krungkuene.org/krung/ 
---->  start http://krungkuene.org/krung/index_de.html?PHPSESSID=b70800d466be78ba21709095c64537d0 
---->  mitte http://krungkuene.org/krung/index_de.html?PHPSESSID=b70800d466be78ba21709095c64537d0 
---->  dolar 1 http://krungkuene.org/krung/ 
---->  start http://krungkuene.org/krung/index_de.html?PHPSESSID=b70800d466be78ba21709095c64537d0 
---->  mitte http://krungkuene.org/krung/index_de.html?PHPSESSID=b70800d466be78ba21709095c64537d0 
---->  dolar 1 http://krungkuene.org/krung/ 
---->  start http://krungkuene.org/krung/index_de.html?PHPSESSID=b70800d466be78ba21709095c64537d0 
---->  mitte http://krungkuene.org/krung/index_de.html?PHPSESSID=b70800d466be78ba21709095c64537d0 
---->  dolar 1 http://krungkuene.org/krung/ 
---->  start http://krungkuene.org/krung/index_de.html?PHPSESSID=b70800d466be78ba21709095c64537d0 
---->  mitte http://krungkuene.org/krung/index_de.html?PHPSESSID=b70800d466be78ba21709095c64537d0 
---->  dolar 1 http://krungkuene.org/krung/ 
---->  start http://krungkuene.org/krung/index_de.html?PHPSESSID=b70800d466be78ba21709095c64537d0 
---->  mitte http://krungkuene.org/krung/index_de.html?PHPSESSID=b70800d466be78ba21709095c64537d0 
---->  dolar 1 http://krungkuene.org/krung/ 
---->  start http://krungkuene.org/krung/index_de.html?PHPSESSID=b70800d466be78ba21709095c64537d0 
---->  mitte http://krungkuene.org/krung/index_de.html?PHPSESSID=b70800d466be78ba21709095c64537d0 
---->  dolar 1 http://krungkuene.org/krung/ 
---->  start http://krungkuene.org/krung/index_de.html?PHPSESSID=b70800d466be78ba21709095c64537d0 
---->  mitte http://krungkuene.org/krung/index_de.html?PHPSESSID=b70800d466be78ba21709095c64537d0 
---->  dolar 1 http://krungkuene.org/krung/ 
---->  start http://krungkuene.org/krung/index_de.html?PHPSESSID=b70800d466be78ba21709095c64537d0 
---->  mitte http://krungkuene.org/krung/index_de.html?PHPSESSID=b70800d466be78ba21709095c64537d0 
---->  dolar 1 http://krungkuene.org/krung/ 
---->  start http://krungkuene.org/krung/index_de.html?PHPSESSID=b70800d466be78ba21709095c64537d0 
---->  mitte http://krungkuene.org/krung/index_de.html?PHPSESSID=b70800d466be78ba21709095c64537d0 
---->  dolar 1 http://krungkuene.org/krung/ 
---->  start http://krungkuene.org/krung/index_de.html?PHPSESSID=b70800d466be78ba21709095c64537d0 
---->  mitte http://krungkuene.org/krung/index_de.html?PHPSESSID=b70800d466be78ba21709095c64537d0 
---->  dolar 1 http://krungkuene.org/krung/ 
---->  start http://krungkuene.org/krung/index_de.html?PHPSESSID=b70800d466be78ba21709095c64537d0 
---->  mitte http://krungkuene.org/krung/index_de.html?PHPSESSID=b70800d466be78ba21709095c64537d0 
---->  dolar 1 http://krungkuene.org/krung/ 
----> the folder is : 49
----> folder 49 is empty
----> the folder is : 50
----> folder 50 is empty
----> the folder is : 51
----> folder 51 is empty
----> the folder is : 52
----> and the filename is : msg00082.html
----> extract sentences out of this file
----> text into db mit http://www.nettime.org/Lists-Archives/rohrpost-0006/msg00082.html 
----> text to folder 
----> several sentences in file  46023/txt
----> the folder is : 53
----> and the filename is : msg00159.html
----> extract sentences out of this file
----> no sentenc in this file 
----> the folder is : 54
----> and the filename is : msg00103.html
----> extract sentences out of this file
----> no sentenc in this file 
----> the folder is : 55
----> and the filename is : msg00036.html
----> extract sentences out of this file
----> text into db mit http://www.nettime.org/Lists-Archives/rohrpost-0006/msg00036.html 
----> text to folder 
----> several sentences in file  46024/txt
----> the folder is : 56
----> folder 56 is empty
----> the folder is : 57
----> folder 57 is empty
----> the folder is : 58
----> and the filename is : 000007.html
----> extract sentences out of this file
----> text into db mit http://music.columbia.edu/pipermail/dorkbotswiss-blabber/2005-March/000007.html 
----> text to folder 
----> several sentences in file  46025/txt
----> the folder is : 59
----> and the filename is : solidarity_list.html
----> extract sentences out of this file
----> text into db mit http://www.duke.edu/~arg2/solidarity_list.html 
----> text to folder 
----> several sentences in file  46026/txt
----> the folder is : 60
----> and the filename is : msg00062.html
----> extract sentences out of this file
----> text into db mit http://www.nettime.org/Lists-Archives/rohrpost-0403/msg00062.html 
----> text to folder 
----> several sentences in file  46027/txt
----> the folder is : 61
----> and the filename is : msg00012.html
----> extract sentences out of this file
----> no sentenc in this file 
----> the folder is : 62
----> and the filename is : msg00084.html
----> extract sentences out of this file
----> text into db mit http://www.nettime.org/Lists-Archives/rohrpost-0006/msg00084.html 
----> text to folder 
----> several sentences in file  46028/txt
----> the folder is : 63
----> and the filename is : msg00156.html
----> extract sentences out of this file
----> no sentenc in this file 
----> the folder is : 64
----> and the filename is : msg00021.html
----> extract sentences out of this file
----> no sentenc in this file 
----> the folder is : 65
----> folder 65 is empty
----> the folder is : 66
----> and the filename is : 2005-June.txt
----> extract sentences out of this file
----> no sentenc in this file 
----> the folder is : 67
----> and the filename is : 000004.html
----> extract sentences out of this file
----> no sentenc in this file 
----> the folder is : 68
----> and the filename is : 000006.html
----> extract sentences out of this file
----> no sentenc in this file 
----> the folder is : 69
----> and the filename is : msg00604.html
----> extract sentences out of this file
----> text into db mit http://lists.debian.org/debian-user-german/2003/01/msg00604.html 
----> text to folder 
----> several sentences in file  46029/txt
----> the folder is : 70
----> and the filename is : 000009.html
----> extract sentences out of this file
----> no sentenc in this file 
----> the folder is : 71
----> and the filename is : index.html
----> extract sentences out of this file
----> no sentenc in this file 
----> the folder is : 72
----> folder 72 is empty
----> the folder is : 73
----> and the filename is : thrd6.html
----> extract sentences out of this file
----> no sentenc in this file 
----> the folder is : 74
----> and the filename is : mail2.html
----> extract sentences out of this file
----> text into db mit http://lists.debian.org/debian-user-german/2003/01/mail2.html 
----> text to folder 
----> several sentences in file  46030/txt
----> the folder is : 75
----> and the filename is : msg00637.html
----> extract sentences out of this file
----> no sentenc in this file 
----> the folder is : 76
----> and the filename is : mail6.html
----> extract sentences out of this file
----> no sentenc in this file 
----> the folder is : 77
----> and the filename is : msg00724.html
----> extract sentences out of this file
----> no sentenc in this file 
----> the folder is : 78
----> folder 78 is empty
----> the folder is : 79
----> and the filename is : aboutus.html
----> extract sentences out of this file
----> text into db mit http://www.tracenoizer.org/html/aboutus.html 
----> text to folder 
----> several sentences in file  46031/txt
----> the folder is : 80
----> and the filename is : linecount.pl.txt
----> extract sentences out of this file
----> no sentenc in this file 
----> the folder is : 81
----> and the filename is : text2list.pl.txt
----> extract sentences out of this file
----> no sentenc in this file 
----> the folder is : 82
----> and the filename is : index_de.php
----> extract sentences out of this file
----> text into db mit http://krungkuene.org/krung/index_de.php 
----> text to folder 
----> several sentences in file  46032/txt
---->  start http://krungkuene.org/krung/index_de.php 
---->  mitte http://krungkuene.org/krung/index_de.php 
---->  dolar 1 http://krungkuene.org/krung/ 
---->  start http://krungkuene.org/krung/index_de.php 
---->  mitte http://krungkuene.org/krung/index_de.php 
---->  dolar 1 http://krungkuene.org/krung/ 
---->  start http://krungkuene.org/krung/index_de.php 
---->  mitte http://krungkuene.org/krung/index_de.php 
---->  dolar 1 http://krungkuene.org/krung/ 
---->  start http://krungkuene.org/krung/index_de.php 
---->  mitte http://krungkuene.org/krung/index_de.php 
---->  dolar 1 http://krungkuene.org/krung/ 
---->  start http://krungkuene.org/krung/index_de.php 
---->  mitte http://krungkuene.org/krung/index_de.php 
---->  dolar 1 http://krungkuene.org/krung/ 
---->  start http://krungkuene.org/krung/index_de.php 
---->  mitte http://krungkuene.org/krung/index_de.php 
---->  dolar 1 http://krungkuene.org/krung/ 
---->  start http://krungkuene.org/krung/index_de.php 
---->  mitte http://krungkuene.org/krung/index_de.php 
---->  dolar 1 http://krungkuene.org/krung/ 
---->  start http://krungkuene.org/krung/index_de.php 
---->  mitte http://krungkuene.org/krung/index_de.php 
---->  dolar 1 http://krungkuene.org/krung/ 
---->  start http://krungkuene.org/krung/index_de.php 
---->  mitte http://krungkuene.org/krung/index_de.php 
---->  dolar 1 http://krungkuene.org/krung/ 
---->  start http://krungkuene.org/krung/index_de.php 
---->  mitte http://krungkuene.org/krung/index_de.php 
---->  dolar 1 http://krungkuene.org/krung/ 
---->  start http://krungkuene.org/krung/index_de.php 
---->  mitte http://krungkuene.org/krung/index_de.php 
---->  dolar 1 http://krungkuene.org/krung/ 
---->  start http://krungkuene.org/krung/index_de.php 
---->  mitte http://krungkuene.org/krung/index_de.php 
---->  dolar 1 http://krungkuene.org/krung/ 
---->  start http://krungkuene.org/krung/index_de.php 
---->  mitte http://krungkuene.org/krung/index_de.php 
---->  dolar 1 http://krungkuene.org/krung/ 
---->  start http://krungkuene.org/krung/index_de.php 
---->  mitte http://krungkuene.org/krung/index_de.php 
---->  dolar 1 http://krungkuene.org/krung/ 
---->  start http://krungkuene.org/krung/index_de.php 
---->  mitte http://krungkuene.org/krung/index_de.php 
---->  dolar 1 http://krungkuene.org/krung/ 
---->  start http://krungkuene.org/krung/index_de.php 
---->  mitte http://krungkuene.org/krung/index_de.php 
---->  dolar 1 http://krungkuene.org/krung/ 
---->  start http://krungkuene.org/krung/index_de.php 
---->  mitte http://krungkuene.org/krung/index_de.php 
---->  dolar 1 http://krungkuene.org/krung/ 
---->  start http://krungkuene.org/krung/index_de.php 
---->  mitte http://krungkuene.org/krung/index_de.php 
---->  dolar 1 http://krungkuene.org/krung/ 
---->  start http://krungkuene.org/krung/index_de.php 
---->  mitte http://krungkuene.org/krung/index_de.php 
---->  dolar 1 http://krungkuene.org/krung/ 
---->  start http://krungkuene.org/krung/index_de.php 
---->  mitte http://krungkuene.org/krung/index_de.php 
---->  dolar 1 http://krungkuene.org/krung/ 
---->  start http://krungkuene.org/krung/index_de.php 
---->  mitte http://krungkuene.org/krung/index_de.php 
---->  dolar 1 http://krungkuene.org/krung/ 
---->  start http://krungkuene.org/krung/index_de.php 
---->  mitte http://krungkuene.org/krung/index_de.php 
---->  dolar 1 http://krungkuene.org/krung/ 
---->  start http://krungkuene.org/krung/index_de.php 
---->  mitte http://krungkuene.org/krung/index_de.php 
---->  dolar 1 http://krungkuene.org/krung/ 
---->  start http://krungkuene.org/krung/index_de.php 
---->  mitte http://krungkuene.org/krung/index_de.php 
---->  dolar 1 http://krungkuene.org/krung/ 
---->  start http://krungkuene.org/krung/index_de.php 
---->  mitte http://krungkuene.org/krung/index_de.php 
---->  dolar 1 http://krungkuene.org/krung/ 
---->  start http://krungkuene.org/krung/index_de.php 
---->  mitte http://krungkuene.org/krung/index_de.php 
---->  dolar 1 http://krungkuene.org/krung/ 
---->  start http://krungkuene.org/krung/index_de.php 
---->  mitte http://krungkuene.org/krung/index_de.php 
---->  dolar 1 http://krungkuene.org/krung/ 
---->  start http://krungkuene.org/krung/index_de.php 
---->  mitte http://krungkuene.org/krung/index_de.php 
---->  dolar 1 http://krungkuene.org/krung/ 
---->  start http://krungkuene.org/krung/index_de.php 
---->  mitte http://krungkuene.org/krung/index_de.php 
---->  dolar 1 http://krungkuene.org/krung/ 
---->  start http://krungkuene.org/krung/index_de.php 
---->  mitte http://krungkuene.org/krung/index_de.php 
---->  dolar 1 http://krungkuene.org/krung/ 
status setzt zu 3 
----> start to make the statistic model
/home/tracenoizer/public_html
----- >./rainbow --append-stoplist-file=stoplist -H -d  model -i temp/16489/*.
-----> rainbowpid 5584 
----> statistic model is made
/home/tracenoizer/public_html
total 136K
drwxr-xr-x  2 root root 4.0K Nov 23 23:40 46000
drwxr-xr-x  2 root root 4.0K Nov 23 23:40 46001
drwxr-xr-x  2 root root 4.0K Nov 23 23:40 46002
drwxr-xr-x  2 root root 4.0K Nov 23 23:40 46003
drwxr-xr-x  2 root root 4.0K Nov 23 23:40 46004
drwxr-xr-x  2 root root 4.0K Nov 23 23:40 46005
drwxr-xr-x  2 root root 4.0K Nov 23 23:40 46006
drwxr-xr-x  2 root root 4.0K Nov 23 23:40 46007
drwxr-xr-x  2 root root 4.0K Nov 23 23:40 46008
drwxr-xr-x  2 root root 4.0K Nov 23 23:40 46009
drwxr-xr-x  2 root root 4.0K Nov 23 23:40 46010
drwxr-xr-x  2 root root 4.0K Nov 23 23:40 46011
drwxr-xr-x  2 root root 4.0K Nov 23 23:40 46012
drwxr-xr-x  2 root root 4.0K Nov 23 23:40 46013
drwxr-xr-x  2 root root 4.0K Nov 23 23:40 46014
drwxr-xr-x  2 root root 4.0K Nov 23 23:40 46015
drwxr-xr-x  2 root root 4.0K Nov 23 23:40 46016
drwxr-xr-x  2 root root 4.0K Nov 23 23:40 46017
drwxr-xr-x  2 root root 4.0K Nov 23 23:40 46018
drwxr-xr-x  2 root root 4.0K Nov 23 23:40 46019
drwxr-xr-x  2 root root 4.0K Nov 23 23:40 46020
drwxr-xr-x  2 root root 4.0K Nov 23 23:40 46021
drwxr-xr-x  2 root root 4.0K Nov 23 23:40 46022
drwxr-xr-x  2 root root 4.0K Nov 23 23:40 46023
drwxr-xr-x  2 root root 4.0K Nov 23 23:40 46024
drwxr-xr-x  2 root root 4.0K Nov 23 23:40 46025
drwxr-xr-x  2 root root 4.0K Nov 23 23:40 46026
drwxr-xr-x  2 root root 4.0K Nov 23 23:40 46027
drwxr-xr-x  2 root root 4.0K Nov 23 23:40 46028
drwxr-xr-x  2 root root 4.0K Nov 23 23:40 46029
drwxr-xr-x  2 root root 4.0K Nov 23 23:40 46030
drwxr-xr-x  2 root root 4.0K Nov 23 23:40 46031
drwxr-xr-x  2 root root 4.0K Nov 23 23:40 46032
drwxr-xr-x  2 root root 4.0K Nov 23 23:40 83
status setzt zu 4 
----> this is the infogain for the model 

----> 0--------  --- ----------status setzt zu 6 
status setzt zu 6 
----> clean up and successfuly finito
kill -9 5584 um MAKMODEL abzuschliessen
