sh: amp: command not found
sh: amp: command not found
sh: amp: command not found
sh: amp: command not found
sh: amp: command not found
sh: amp: command not found
sh: amp: command not found
sh: amp: command not found
sh: amp: command not found
sh: amp: command not found
sh: amp: command not found
sh: amp: command not found
sh: amp: command not found
sh: amp: command not found
sh: amp: command not found
sh: amp: command not found
sh: amp: command not found
sh: amp: command not found
sh: amp: command not found
sh: amp: command not found
sh: amp: command not found
sh: amp: command not found
sh: amp: command not found
sh: amp: command not found
sh: amp: command not found
sh: amp: command not found
sh: amp: command not found
sh: amp: command not found
sh: amp: command not found
sh: amp: command not found
sh: amp: command not found
sh: amp: command not found
sh: amp: command not found
sh: amp: command not found
sh: amp: command not found
sh: amp: command not found
sh: amp: command not found
sh: amp: command not found
sh: amp: command not found
sh: amp: command not found
sh: amp: command not found
sh: amp: command not found
sh: amp: command not found
sh: amp: command not found
sh: amp: command not found
sh: amp: command not found
sh: amp: command not found
sh: amp: command not found
sh: amp: command not found
sh: amp: command not found
sh: amp: command not found
sh: amp: command not found
sh: amp: command not found
sh: amp: command not found
sh: amp: command not found
sh: amp: command not found
sh: amp: command not found
sh: amp: command not found
sh: amp: command not found
sh: amp: command not found
sh: amp: command not found
sh: amp: command not found
sh: amp: command not found
--16:12:38--  http://www.tracenoizer.org/modelanleg.php?main_id=34419
           => `modelanleg.php?main_id=34419'
Resolving www.tracenoizer.org... done.
Connecting to www.tracenoizer.org[195.176.254.172]:80... connected.
HTTP request sent, awaiting response... 200 OK
Length: unspecified [text/html]

    0K                                                           8.79 KB/s

16:12:38 (8.79 KB/s) - `modelanleg.php?main_id=34419' saved [9]

sh: endee.txt: Permission denied
