sh: amp: command not found
sh: amp: command not found
sh: amp: command not found
sh: amp: command not found
sh: amp: command not found
sh: amp: command not found
sh: amp: command not found
sh: amp: command not found
sh: amp: command not found
sh: amp: command not found
sh: amp: command not found
sh: amp: command not found
sh: amp: command not found
--17:54:49--  http://www.tracenoizer.org/modelanleg.php?main_id=34491
           => `modelanleg.php?main_id=34491'
Resolving www.tracenoizer.org... done.
Connecting to www.tracenoizer.org[195.176.254.172]:80... connected.
HTTP request sent, awaiting response... 200 OK
Length: unspecified [text/html]

    0K                                                           8.79 KB/s

17:54:49 (8.79 KB/s) - `modelanleg.php?main_id=34491' saved [9]

DBD::mysql::st execute failed: You have an error in your SQL syntax near 's Homepage<br></font><br><br><br><div align="center"></div><br><br> <table borde' at line 1 at /home/tracenoizer/public_html/trace_centralV4.pl line 650.
sh: endee.txt: Permission denied
